<?xml version="1.0" encoding="UTF-8"?>
<testsuite name="com.currency.application.GetCurrentCurrencyInfoServiceTests" tests="1" skipped="0" failures="0" errors="0" timestamp="2020-09-19T08:09:51" hostname="DESKTOP-0NJ0DAR" time="0.696">
  <properties/>
  <testcase name="getCurrency()" classname="com.currency.application.GetCurrentCurrencyInfoServiceTests" time="0.696"/>
  <system-out><![CDATA[17:09:51.140 [Test worker] DEBUG org.apache.http.client.protocol.RequestAddCookies - CookieSpec selected: default
17:09:51.170 [Test worker] DEBUG org.apache.http.client.protocol.RequestAuthCache - Auth cache not set in the context
17:09:51.173 [Test worker] DEBUG org.apache.http.impl.conn.PoolingHttpClientConnectionManager - Connection request: [route: {}->http://api.currencylayer.com:80][total kept alive: 0; route allocated: 0 of 2; total allocated: 0 of 20]
17:09:51.202 [Test worker] DEBUG org.apache.http.impl.conn.PoolingHttpClientConnectionManager - Connection leased: [id: 0][route: {}->http://api.currencylayer.com:80][total kept alive: 0; route allocated: 1 of 2; total allocated: 1 of 20]
17:09:51.206 [Test worker] DEBUG org.apache.http.impl.execchain.MainClientExec - Opening connection {}->http://api.currencylayer.com:80
17:09:51.237 [Test worker] DEBUG org.apache.http.impl.conn.DefaultHttpClientConnectionOperator - Connecting to api.currencylayer.com/172.67.176.162:80
17:09:51.271 [Test worker] DEBUG org.apache.http.impl.conn.DefaultHttpClientConnectionOperator - Connection established 192.168.0.4:56519<->172.67.176.162:80
17:09:51.271 [Test worker] DEBUG org.apache.http.impl.execchain.MainClientExec - Executing request GET /live?access_key=fb689a7e0d4466e56d6f3206fb5c5c64 HTTP/1.1
17:09:51.271 [Test worker] DEBUG org.apache.http.impl.execchain.MainClientExec - Target auth state: UNCHALLENGED
17:09:51.274 [Test worker] DEBUG org.apache.http.impl.execchain.MainClientExec - Proxy auth state: UNCHALLENGED
17:09:51.277 [Test worker] DEBUG org.apache.http.headers - http-outgoing-0 >> GET /live?access_key=fb689a7e0d4466e56d6f3206fb5c5c64 HTTP/1.1
17:09:51.278 [Test worker] DEBUG org.apache.http.headers - http-outgoing-0 >> Host: api.currencylayer.com
17:09:51.278 [Test worker] DEBUG org.apache.http.headers - http-outgoing-0 >> Connection: Keep-Alive
17:09:51.278 [Test worker] DEBUG org.apache.http.headers - http-outgoing-0 >> User-Agent: Apache-HttpClient/4.4.1 (Java/11.0.5)
17:09:51.278 [Test worker] DEBUG org.apache.http.headers - http-outgoing-0 >> Accept-Encoding: gzip,deflate
17:09:51.278 [Test worker] DEBUG org.apache.http.wire - http-outgoing-0 >> "GET /live?access_key=fb689a7e0d4466e56d6f3206fb5c5c64 HTTP/1.1[\r][\n]"
17:09:51.279 [Test worker] DEBUG org.apache.http.wire - http-outgoing-0 >> "Host: api.currencylayer.com[\r][\n]"
17:09:51.279 [Test worker] DEBUG org.apache.http.wire - http-outgoing-0 >> "Connection: Keep-Alive[\r][\n]"
17:09:51.279 [Test worker] DEBUG org.apache.http.wire - http-outgoing-0 >> "User-Agent: Apache-HttpClient/4.4.1 (Java/11.0.5)[\r][\n]"
17:09:51.279 [Test worker] DEBUG org.apache.http.wire - http-outgoing-0 >> "Accept-Encoding: gzip,deflate[\r][\n]"
17:09:51.279 [Test worker] DEBUG org.apache.http.wire - http-outgoing-0 >> "[\r][\n]"
17:09:51.614 [Test worker] DEBUG org.apache.http.wire - http-outgoing-0 << "HTTP/1.1 200 OK[\r][\n]"
17:09:51.614 [Test worker] DEBUG org.apache.http.wire - http-outgoing-0 << "Date: Sat, 19 Sep 2020 08:09:50 GMT[\r][\n]"
17:09:51.614 [Test worker] DEBUG org.apache.http.wire - http-outgoing-0 << "Content-Type: application/json; Charset=UTF-8[\r][\n]"
17:09:51.615 [Test worker] DEBUG org.apache.http.wire - http-outgoing-0 << "Transfer-Encoding: chunked[\r][\n]"
17:09:51.615 [Test worker] DEBUG org.apache.http.wire - http-outgoing-0 << "Connection: keep-alive[\r][\n]"
17:09:51.615 [Test worker] DEBUG org.apache.http.wire - http-outgoing-0 << "Set-Cookie: __cfduid=d85c2f059b7f8ab2753d2fcef377af2de1600502990; expires=Mon, 19-Oct-20 08:09:50 GMT; path=/; domain=.currencylayer.com; HttpOnly; SameSite=Lax[\r][\n]"
17:09:51.615 [Test worker] DEBUG org.apache.http.wire - http-outgoing-0 << "x-apilayer-transaction-id: a4882447-05a7-4285-b932-e916e13b808b[\r][\n]"
17:09:51.615 [Test worker] DEBUG org.apache.http.wire - http-outgoing-0 << "access-control-allow-methods: GET, HEAD, POST, PUT, PATCH, DELETE, OPTIONS[\r][\n]"
17:09:51.615 [Test worker] DEBUG org.apache.http.wire - http-outgoing-0 << "last-modified: Fri, 18 Sep 2020 16:39:05 GMT[\r][\n]"
17:09:51.615 [Test worker] DEBUG org.apache.http.wire - http-outgoing-0 << "access-control-allow-origin: *[\r][\n]"
17:09:51.615 [Test worker] DEBUG org.apache.http.wire - http-outgoing-0 << "x-request-time: 0.028[\r][\n]"
17:09:51.615 [Test worker] DEBUG org.apache.http.wire - http-outgoing-0 << "CF-Cache-Status: DYNAMIC[\r][\n]"
17:09:51.616 [Test worker] DEBUG org.apache.http.wire - http-outgoing-0 << "cf-request-id: 0547029f480000aed3dc9f0200000001[\r][\n]"
17:09:51.616 [Test worker] DEBUG org.apache.http.wire - http-outgoing-0 << "Server: cloudflare[\r][\n]"
17:09:51.616 [Test worker] DEBUG org.apache.http.wire - http-outgoing-0 << "CF-RAY: 5d51d3ab7d89aed3-KIX[\r][\n]"
17:09:51.616 [Test worker] DEBUG org.apache.http.wire - http-outgoing-0 << "Content-Encoding: gzip[\r][\n]"
17:09:51.616 [Test worker] DEBUG org.apache.http.wire - http-outgoing-0 << "[\r][\n]"
17:09:51.616 [Test worker] DEBUG org.apache.http.wire - http-outgoing-0 << "633[\r][\n]"
17:09:51.616 [Test worker] DEBUG org.apache.http.wire - http-outgoing-0 << "[0x1f][0x8b][0x8][0x0][0x0][0x0][0x0][0x0][0x0][0x3][0x84]V[0xc9][0x8e][0x1c]9[0xe][0xfd][0x17][0x9d]khJ[0xa2][0x16][0xea][0x96]{f[0xe5][0xea][0x88][0xc8][0xca][0xca][0x84]/F![0x81]i`<[0xf6][0xd4]2[0x80][0xd1][0xe8]]]>&#x7f;<![CDATA[[0x1f]Pb[0xf8][0xe0]>[0xcc]-[0xe2]A[0xa2][0x1e][0xb7]G[0xfe]i[0xde]>^^[0xee]oo[0xa6][0xbc][0xbf]~[0xdc][0x1f][0xcc][0xfb][0xfd][0xf5][0xdb][0x9b])[0xe6][0x9f][0xef][0xef]?[0xde][0xca][0x97]O_>[0xbd]|[0xbc][0xbe][0xde][0xff][0xfd][0xf2][0xf3]__]]>&#x7f;<![CDATA[[0xde]_[0xe1][0xe5][0xfb][0xb7]/[0x9f][0xda][0xa1][0x7][0xf3][0xe3][0xf5][0x8f][0xff]~}[0xf9][0xf9][0xff][0x8e][0x8f][0xc7][0x1e][0xcc][0xfb][0x1f][0xdf][0xee]o[0xef]_[0xbf][0xfd]0[0xc5]FD[0xa2]d)<[0x98][0xb7][0xef][0x1f][0xaf]/wS[0xcc][0xb9][0x9f][0x9b][0x7][0xf3][0x9f][0x8f][0xef][0xef][0xf7]7S[0xfe][0x94][0xff][0xc9]bn[0x8a][0x87][0x98]\[0xe][0xf][0x15]X[0x1e]LI[0x11][0xb2]#N[0xbe]A[0xbb][0x9d])[0x16][0x9]"1[0xa3]b[0xfb][0xb9])[0x94][0x3][0xb8][0xc0])S[0xc3][0xe]+S,$[0xa6][0xac][0x87][0x8e][0x13]S[0xa2][0xcd]@[0xe][0xbd]M[\r][0xeb]zSR[0x0][0x9f][0x1c][0xa2]>y[0x9e][0xcb]=[0x1f]c[0xc][0x8a]\[0xaa][0xa5][0xdc]~n[0x7][0xf9][0x89][0xcc]66[0x1b][0xd3][0xc9][0xbe]"[0xc1]zn[0x17][0xa6][0xd3][0xb9])[0xe][0xd0][0xe6]D[0x8d][0xcc]t>[0x98][0x92][0x9][0x12][0xc7][0xa4][0xb7]V[0xcd][0xe]qT_[0xa7][0xeb][0xb9])[0x8]>[0xc5][0xe4][0x1b][0xe3][0xe9]fi[0x8a]eo[0xdb][0x9f]8[0xa9][0x9f][0x87][0xc6]1[0xc4][0x18]bC[0x8e]SS"0[0x92]O[0xae]![0xdd][0xce][0x94][0x0][0xde]j<[0xa6]}5[0xcf][0xcc])sC[0x86][0x99])[0xc][0x96][0x9d]s[0xe9][0xfe][0xf]e1H[0xc4]=8NYM_N[0xa6]X[0xb][0x1e])E[0x85][0xae][0x7]q0[0xc4]LV[0xa9]^;[0xa1][0x1a][0x11][0xdb][0xef]M#[0x10][0x9c]F]]>&#x7f;<![CDATA[6i[0x94]m[\n]"
17:09:51.617 [Test worker] DEBUG org.apache.http.wire - http-outgoing-0 << "[0xbe][0xbd]4[0x9b]W[0xef]b[0x4]D[0xb4][0xd4]8[0xcd][0xd6][0xcb][0xca][0x12][0xd9]5Wg[0xbb][\n]"
17:09:51.617 [Test worker] DEBUG org.apache.http.wire - http-outgoing-0 << "[0xa0]K1[0xaa][0xa5][0xdd]IjB(r[0x8c][0xcd][0xd9][0xd9][0xe1]*[0xee][0xa7][0xc8][0xe8][0x1a][0xc5][0xd9][0xf1]d[0x8a]O[0x8e][0x0][0xd5]P73%p[0x80][0x9c]3[0xb6][0x90][0xcc][0xce][0xb3]1[0xa2][0xb3][0xf3][0xc9][0x14][0x17]A[0xa9]=-La[0xf][0x94]=jvf[0xb7][0xad])[0xce]A[0xf0]1c{t[0xfe]([0xe][0xa4][0x4][0x9c][0x13]+[0xb4][0xdd][\n]"
17:09:51.618 [Test worker] DEBUG org.apache.http.wire - http-outgoing-0 << "[0xf][0x97],7]]>&#x7f;<![CDATA[[0xe6]B#d[0x8][0x1][0xc7][0xc4][0xcc]%6[0xd6]eak[0x1b][0xb4]XI[0x88][0x3][0xa4][0xc0]^[0x93][0xb3][0xe8][0xe][0x15]BD[0xd2]:\[0xc]SS|[0x84][0x90][0x88][[0x11]-[0xce][0x9d][0x4]'[0x93]c[0xa5][0xb9]|[0xac][0x81][0xb7][0x1e][0x9d][0x16][0xe3]r{[0x92]3)9[0xc][0xed][0xd6]j[0xaa][0x88][0xe5][0xd4][0xce][0xac][0x16];[0xe9];g9[0xb5][0xd7]W[0xab][0xbf]]Z[0xf7]RNit~[0xb5][0xf9][0xdb][0x9][0xa9][0xcf]`![0x11][0x7][0xdb][0xa2][0xba]:,M[0xe1]d[0xb1][0xa6]X[0xdd]X[\r][0x9f]MI[0x90]"[0xb9][0xa0][0xb6][0xae]B[0x1a][0xa5][0x14][0xb3]o[0xa9]Yo[0xe7][0xf5]P@[0xdb]n[0xad][0xf];S[0x1c][0x81]Dv<[0xd3][0xd5]`K[0x17]h[0x8e][0xd7][0x83]t*F[0xb0][0x11][0x83]B[0xe7][0xa5])[0x1e]=D[0xeb][0x91][0xda]{[0x9b][0xb9][0x14]+[0xc5][0xec][0x81][0x9a][0xf5][0xcd][0xae][0x97][0x0][0x90][0x8d][0xc4][0xad][0xcf]7[0xfb][0xdf][0xfd][0xdb][0x1c][0xba][0xda][0x19][0x81][0x82][0xd3][0x2][0xda]|[0x96]TZnE[0xbf][0xe9]:S[0xc8]Y[0xac]YCM[0xe4][0xa6][0xdf][0x9a]b}[0x0][0xf6][0xcc][0xdc][0x8a][0xf3]q[0xf1][0xbb][0xf1][0xc7][0xda][0xdc]d!c[0xd4]~]]>&#x7f;<![CDATA[<[0xd6][0x86]M[0xc8][0xe8][0xf5][0xda][0xe9][0xda][0xa4][0x8f][0x90]4[\r][0xdb]E/P[0x6]O<[0x16][0xe1]v%[0xa2][0xc6][0x80]D[0xbf][0x8e][0xad][0x85][0x9a][0xc5][0x9a][0x8][0xef][0x9b][0x8b][0xdb][0xfd]R[0xc0][0x0][0x14][0x10]U%[0xb6][0xa7][0x8b]),[0xe7][0xc8][0x8e][0xda][0xb2][0xed].[0xe2]et[0x10]s@[0xa7][0x97]/M[0xad]p<t[0xad][0xff][0xd9]{[0x97][0x1b][0xff][0xed]m[0xa8][0xe1][0x80][0x1c][0x11][,v[0x93][0xad])l[0x1d]U[0x19][0x1a][0xc1]i-~[0x9b][0x80][0x98]sl[0x9][0xd9]m%E9[0x0]e[0xa7]>[0xec]:[0x9][0x11]g[0xe0][0x80]^[0xcb]}[0xd7][0xcb]0[0x88][0xe0][0x2]:[0xed][0xb8][0xdd] [0x85][0x2][0x1c]\j.[0xed][0x9e]v[0xc2],"iFvWUx[0xe2][0xd0][0x9c][0xd9][0x8b]818[0x1f][0x83]fv?o[0x86]#[0xc6]D[0xcd][0xc3][0xfd]jb[0x8a][0xcf]T[0xb3][0xeb]\[0x13][0xa3][0xbd][0xd4]ip[0x80][0x8e][0xc6][0x99][0xb2][0xdf][0xd7][0x84][0xdb][0x4]99[0xab][0x13]j]]>&#x7f;<![CDATA[[0x18]Lq9&[0xf0]"[0xe]jQ[0xc4]A[0xe4][0xc3][0x6][0xa7][0xcf]vGS|H5M[0xe3][0xbb][0xd2][0xe4][0x9e]!E[0x1c][0x83][0xbd]]]>&#x7f;<![CDATA[[0xea][0xaa]8[0x10][0x86]Q[0x80][0xf7][0x97][0xad])[0x89]X"[0x1b]Gr[0xcf]"[0xd3][0xa2][0xf9][0xe8]G[0x1e][0xa2][0xd3][0x4][0xd6]R[0xd0][0xb0][0xee]e[0xa0]%[0xb],[0x92][0xd1][0xa0]C[0xd5][0xea][0x1a]U[0xa4][0xe6][0xd4]A[0xc6][0x95][0xcf]^[0xcc][0xe7][0xac][0xd8]F[0xc8][0xd6]A[0x1c]4[0x1f][0x87][0xa3]$[0x18]Pf[0xb3]"'[0xa1]j[0x13][0xb8]4[0xce][0xd3]C[0x15]@[0xa0]DQ[0xdb][0xef][0xb8][0xaf]:[0xe6]s@U[0x8e][0xd3]d[0xaa][0xd3]*[0xeb][0xdc]?-[0x84][0x1][0x4][0x97][0x82][0xfa]rZmk[0xd3][0x86][0xc8]A[0x91][0xf5]I[0xf6][0x0][0xa0][0x8c]Nc|[0xaa][0x85][0x14]#[0x10]q[0xd4][0xf1]u[0xda]US)[0xb0][0x8a][0xcb][0xe9][0xba]2%rFp9[0x8e][0x15][0xfe]y[0xd2][0xd5]e[0x84],[0xea],[0xea][0x8e][0x7][0x9][0x1e]rH*[0xc0][0x9d][0xc]Uf[0xb0][0xe]I[0x7]Ow[0x9e][0xd6][0x95]"D[0xeb]T[0x96][0xba][0x8b][0xc8][0xa0]z[0xdf]7[0xb3])`R[0x8a][0xbd][0xac][0xb][0x19][0xac][0xf5]Q[0x1b][0xbd][0x9f][0x9][0xe9][0x4]L)[0xfa][0xf6]R?_[0x99][0x12][0x2]xG[0xac][0x9a][0xd1]/[0xb6]rO[0x6]jc[0xdc][0xaf]t-HV[0xdb][0xa8]_[0xff].4[0xbd][0xac]O[0x9c]B[0xad][0xe2][0xb1]:[0xfb][0xa3][0x88]{&[0x8][0x88][0xa3][0xad][0xae][\n]"
17:09:51.619 [Test worker] DEBUG org.apache.http.wire - http-outgoing-0 << "0[0x85][0x8c]Z[0x9b][0xfd] *m[0xd1]{[0xc8][0xd6][0xa1]o[0xb5][0xd2]?[0xcd]*[0x9][0xe2]_[0xc6][0xae]2[0xf2][0xac][0x5]bb[0xdd]![0xfa][0x9b][0xf6])q[0xd4][0xb2][0x1e][0xd6]2[0xcd],`[0xe6][0xac][0x93]}x[0xac]b&K[0x82][0xaa][0xf0][0xb0][0x1f]j[0xd2][[0x1c][0x87]C[0x1d]n[0x89][0x88][0xb4][0xd9][0x7][0xe9] [0x7].I[0x92][0x1a][0xd2]][0x85][0xb7][0xcc][0xc8][0x11][0x11][0xde][0x11]R[\n]"
17:09:51.619 [Test worker] DEBUG org.apache.http.wire - http-outgoing-0 << "1+"[0xda][0xe5][0x18][0xd0][0xea][0xce]7[0xdc]zS[0x9c][0xb7],s[0x9a]U[\n]"
17:09:51.619 [Test worker] DEBUG org.apache.http.wire - http-outgoing-0 << "[0xcf][0x93][0xb5][0xb4],[0xd8][0xe8]I[0xc3]y^=[0xcb][0x4]fY[0x86][0x12][0xa9][0xbf][0xb2][0xc7][0xea][0x16]q[0xbe][0x9e]E[0xf2][0x80]([0xb0]n[0x87][0xe7][[0xf5][0xc9]q[0xd5][0xbc][0xa8][0xc5][0xfc][0xb4][0x90][0x8a][0x90][0xc5][0xa1][0x19]~[0xaa][0x9e]y[0x9b][0xdb]$y:?I[0xd3]8p[0x1c][0xa2][0x1e][0xb9][0xf4]C[0xdd][0xb9][0x98]H[0x9]>O[0x96]R[0x12][0x1e][0x18]]]>&#x7f;<![CDATA[[0x8d][0xe5][0xe7][0xc9][0xaa][0xae]K>[0xf2][0x8][0x9c]+[0x80]8[0xe][0xe5][0xe7]Y[0x8b]"[0xba][0xa0]K[0xd7][0xf3][0xbc]k[0x93]&[0xa1]W[0xe4][0xa8][0xa6][0x3]:TO[0x9e]O[0xb2][0xee][0xa0][0x5]K[0x9c]\[0xb3]~]t[0xa6][0xb8][0x80][0xe0][0xc3][0xaf][0x15][0xee]6[0xe9]4[0xd7][0xa8]Y[0xba][0x89]"2[0xa2][0x5][0x87][0x98][0xfd][0x8][0xca]T[0x11][0xbd][0x8a][0xd6][0xb6][0x92][0xb8]]d[\r]q[0xae][\r])[0xfb][0xd7]_[0xff][0x3][0x0][0x0][0xff][0xff][0x3][0x0]A[0xd8][0x98][0x9e][0xb2][0xc][0x0][0x0][\r][\n]"
17:09:51.624 [Test worker] DEBUG org.apache.http.headers - http-outgoing-0 << HTTP/1.1 200 OK
17:09:51.625 [Test worker] DEBUG org.apache.http.headers - http-outgoing-0 << Date: Sat, 19 Sep 2020 08:09:50 GMT
17:09:51.625 [Test worker] DEBUG org.apache.http.headers - http-outgoing-0 << Content-Type: application/json; Charset=UTF-8
17:09:51.625 [Test worker] DEBUG org.apache.http.headers - http-outgoing-0 << Transfer-Encoding: chunked
17:09:51.625 [Test worker] DEBUG org.apache.http.headers - http-outgoing-0 << Connection: keep-alive
17:09:51.625 [Test worker] DEBUG org.apache.http.headers - http-outgoing-0 << Set-Cookie: __cfduid=d85c2f059b7f8ab2753d2fcef377af2de1600502990; expires=Mon, 19-Oct-20 08:09:50 GMT; path=/; domain=.currencylayer.com; HttpOnly; SameSite=Lax
17:09:51.626 [Test worker] DEBUG org.apache.http.headers - http-outgoing-0 << x-apilayer-transaction-id: a4882447-05a7-4285-b932-e916e13b808b
17:09:51.626 [Test worker] DEBUG org.apache.http.headers - http-outgoing-0 << access-control-allow-methods: GET, HEAD, POST, PUT, PATCH, DELETE, OPTIONS
17:09:51.626 [Test worker] DEBUG org.apache.http.headers - http-outgoing-0 << last-modified: Fri, 18 Sep 2020 16:39:05 GMT
17:09:51.626 [Test worker] DEBUG org.apache.http.headers - http-outgoing-0 << access-control-allow-origin: *
17:09:51.626 [Test worker] DEBUG org.apache.http.headers - http-outgoing-0 << x-request-time: 0.028
17:09:51.626 [Test worker] DEBUG org.apache.http.headers - http-outgoing-0 << CF-Cache-Status: DYNAMIC
17:09:51.626 [Test worker] DEBUG org.apache.http.headers - http-outgoing-0 << cf-request-id: 0547029f480000aed3dc9f0200000001
17:09:51.626 [Test worker] DEBUG org.apache.http.headers - http-outgoing-0 << Server: cloudflare
17:09:51.626 [Test worker] DEBUG org.apache.http.headers - http-outgoing-0 << CF-RAY: 5d51d3ab7d89aed3-KIX
17:09:51.627 [Test worker] DEBUG org.apache.http.headers - http-outgoing-0 << Content-Encoding: gzip
17:09:51.638 [Test worker] DEBUG org.apache.http.impl.execchain.MainClientExec - Connection can be kept alive indefinitely
17:09:51.695 [Test worker] DEBUG org.apache.http.client.protocol.ResponseProcessCookies - Cookie accepted [__cfduid="d85c2f059b7f8ab2753d2fcef377af2de1600502990", version:0, domain:currencylayer.com, path:/, expiry:Mon Oct 19 17:09:50 KST 2020]
17:09:51.709 [Test worker] DEBUG org.apache.http.wire - http-outgoing-0 << "0[\r][\n]"
17:09:51.709 [Test worker] DEBUG org.apache.http.wire - http-outgoing-0 << "[\r][\n]"
17:09:51.710 [Test worker] DEBUG org.apache.http.impl.conn.PoolingHttpClientConnectionManager - Connection [id: 0][route: {}->http://api.currencylayer.com:80] can be kept alive indefinitely
17:09:51.710 [Test worker] DEBUG org.apache.http.impl.conn.PoolingHttpClientConnectionManager - Connection released: [id: 0][route: {}->http://api.currencylayer.com:80][total kept alive: 1; route allocated: 1 of 2; total allocated: 1 of 20]
Live Currency Exchange Rates
1 USD in GBP : 0.771975 (Date: 2020-09-19 01:39:05 오전)


]]></system-out>
  <system-err><![CDATA[]]></system-err>
</testsuite>
